<?xml version="1.0" encoding="UTF-8"?>
<!-- Generated by org.testng.reporters.JUnitReportReporter -->
<testsuite skipped="0" hostname="DESKTOP-0BSG2GF" name="com.learn.testng.InvocationCountEx" tests="2" failures="0" timestamp="12 Nov 2022 19:16:50 GMT" time="45.021" errors="0">
  <testcase name="cricket" time="24.916" classname="com.learn.testng.InvocationCountEx"/>
  <testcase name="vivo" time="20.105" classname="com.learn.testng.InvocationCountEx"/>
</testsuite> <!-- com.learn.testng.InvocationCountEx -->
