<?xml version="1.0" encoding="UTF-8"?>
<!-- Generated by org.testng.reporters.JUnitReportReporter -->
<testsuite skipped="0" hostname="DESKTOP-0BSG2GF" name="com.learn.testng.DataProviderex1" tests="4" failures="0" timestamp="10 Nov 2022 18:42:51 GMT" time="0.127" errors="0">
  <testcase name="data" time="0.076" classname="com.learn.testng.DataProviderex1"/>
  <testcase name="data" time="0.030" classname="com.learn.testng.DataProviderex1"/>
  <testcase name="data" time="0.006" classname="com.learn.testng.DataProviderex1"/>
  <testcase name="data" time="0.015" classname="com.learn.testng.DataProviderex1"/>
</testsuite> <!-- com.learn.testng.DataProviderex1 -->
