<?xml version="1.0" encoding="UTF-8"?>
<!-- Generated by org.testng.reporters.JUnitReportReporter -->
<testsuite skipped="0" hostname="DESKTOP-0BSG2GF" name="com.learn.testng.TestCaseOrder" tests="1" failures="0" timestamp="03 Nov 2022 18:08:54 GMT" time="0.016" errors="0">
  <testcase name="startTheCar" time="0.016" classname="com.learn.testng.TestCaseOrder"/>
</testsuite> <!-- com.learn.testng.TestCaseOrder -->
