<?xml version="1.0" encoding="UTF-8"?>
<!-- Generated by org.testng.reporters.JUnitReportReporter -->
<testsuite skipped="1" hostname="DESKTOP-0BSG2GF" name="com.learn.testng.SkipATestCase" tests="2" failures="0" timestamp="03 Nov 2022 18:08:54 GMT" time="0.031" errors="0">
  <testcase name="startTheCar" time="0.031" classname="com.learn.testng.SkipATestCase"/>
  <testcase name="playMusic" classname="com.learn.testng.SkipATestCase">
    <skipped/>
  </testcase> <!-- playMusic -->
</testsuite> <!-- com.learn.testng.SkipATestCase -->
