<?xml version="1.0" encoding="UTF-8"?>
<!-- Generated by org.testng.reporters.JUnitReportReporter -->
<testsuite skipped="0" hostname="DESKTOP-0BSG2GF" name="com.learn.testng.GroupingExample" tests="4" failures="0" timestamp="03 Nov 2022 19:11:28 GMT" time="0.141" errors="0">
  <testcase name="moto1" time="0.063" classname="com.learn.testng.GroupingExample"/>
  <testcase name="moto2" time="0.047" classname="com.learn.testng.GroupingExample"/>
  <testcase name="vivo2" time="0.016" classname="com.learn.testng.GroupingExample"/>
  <testcase name="vivo1" time="0.015" classname="com.learn.testng.GroupingExample"/>
</testsuite> <!-- com.learn.testng.GroupingExample -->
