<?xml version="1.0" encoding="UTF-8"?>
<!-- Generated by org.testng.reporters.JUnitReportReporter -->
<testsuite skipped="0" hostname="DESKTOP-0BSG2GF" name="com.learn.testng.CrossBrowsingEx" tests="3" failures="0" timestamp="07 Nov 2022 13:49:54 GMT" time="295.790" errors="0">
  <testcase name="crossbrowser" time="91.603" classname="com.learn.testng.CrossBrowsingEx"/>
  <testcase name="crossbrowser" time="124.532" classname="com.learn.testng.CrossBrowsingEx"/>
  <testcase name="crossbrowser" time="79.655" classname="com.learn.testng.CrossBrowsingEx"/>
</testsuite> <!-- com.learn.testng.CrossBrowsingEx -->
