<?xml version="1.0" encoding="UTF-8"?>
<!-- Generated by org.testng.reporters.JUnitReportReporter -->
<testsuite skipped="0" hostname="DESKTOP-0BSG2GF" name="com.learn.testng.SuiteExample" tests="3" failures="0" timestamp="03 Nov 2022 18:16:31 GMT" time="11.404" errors="0">
  <testcase name="openBing" time="1.871" classname="com.learn.testng.SuiteExample"/>
  <testcase name="openYahoo" time="2.430" classname="com.learn.testng.SuiteExample"/>
  <testcase name="openGoogle" time="7.103" classname="com.learn.testng.SuiteExample"/>
</testsuite> <!-- com.learn.testng.SuiteExample -->
