<?xml version="1.0" encoding="UTF-8"?>
<!-- Generated by org.testng.reporters.JUnitReportReporter -->
<testsuite skipped="0" hostname="DESKTOP-0BSG2GF" name="com.learn.testng.Annotations" tests="1" failures="0" timestamp="03 Nov 2022 18:16:31 GMT" time="0.151" errors="0">
  <testcase name="test" time="0.151" classname="com.learn.testng.Annotations"/>
</testsuite> <!-- com.learn.testng.Annotations -->
