<?xml version="1.0" encoding="UTF-8"?>
<!-- Generated by org.testng.reporters.JUnitReportReporter -->
<testsuite skipped="0" hostname="DESKTOP-0BSG2GF" name="com.learn.testng.ParameterizationExample" tests="1" failures="0" timestamp="07 Nov 2022 08:30:23 GMT" time="0.047" errors="0">
  <testcase name="printName" time="0.047" classname="com.learn.testng.ParameterizationExample"/>
</testsuite> <!-- com.learn.testng.ParameterizationExample -->
